

================================================================
== Vivado HLS Report for 'fir_filter_const'
================================================================
* Date:           Thu Apr  8 21:07:17 2021

* Version:        2019.2 (Build 2704478 on Wed Nov 06 22:10:23 MST 2019)
* Project:        02
* Solution:       solution1
* Product family: zynq
* Target device:  xc7z020-clg400-1


================================================================
== Performance Estimates
================================================================
+ Timing: 
    * Summary: 
    +--------+----------+----------+------------+
    |  Clock |  Target  | Estimated| Uncertainty|
    +--------+----------+----------+------------+
    |ap_clk  | 10.00 ns | 8.487 ns |   1.25 ns  |
    +--------+----------+----------+------------+

+ Latency: 
    * Summary: 
    +---------+---------+-----------+-----------+-----+-----+---------+
    |  Latency (cycles) |   Latency (absolute)  |  Interval | Pipeline|
    |   min   |   max   |    min    |    max    | min | max |   Type  |
    +---------+---------+-----------+-----------+-----+-----+---------+
    |        8|        8| 80.000 ns | 80.000 ns |    8|    8|   none  |
    +---------+---------+-----------+-----------+-----+-----+---------+

    + Detail: 
        * Instance: 
        +-----------------------+-------------+---------+---------+-----------+-----------+-----+-----+---------+
        |                       |             |  Latency (cycles) |   Latency (absolute)  |  Interval | Pipeline|
        |        Instance       |    Module   |   min   |   max   |    min    |    max    | min | max |   Type  |
        +-----------------------+-------------+---------+---------+-----------+-----------+-----+-----+---------+
        |grp_operator_ls_fu_41  |operator_ls  |        5|        5| 50.000 ns | 50.000 ns |    5|    5|   none  |
        +-----------------------+-------------+---------+---------+-----------+-----------+-----+-----+---------+

        * Loop: 
        N/A



================================================================
== Utilization Estimates
================================================================
* Summary: 
+-----------------+---------+-------+--------+-------+-----+
|       Name      | BRAM_18K| DSP48E|   FF   |  LUT  | URAM|
+-----------------+---------+-------+--------+-------+-----+
|DSP              |        -|      2|       -|      -|    -|
|Expression       |        -|      0|       0|    107|    -|
|FIFO             |        -|      -|       -|      -|    -|
|Instance         |        -|      -|       5|    105|    -|
|Memory           |        -|      -|       -|      -|    -|
|Multiplexer      |        -|      -|       -|     27|    -|
|Register         |        -|      -|      67|      -|    -|
+-----------------+---------+-------+--------+-------+-----+
|Total            |        0|      2|      72|    239|    0|
+-----------------+---------+-------+--------+-------+-----+
|Available        |      280|    220|  106400|  53200|    0|
+-----------------+---------+-------+--------+-------+-----+
|Utilization (%)  |        0|   ~0  |   ~0   |   ~0  |    0|
+-----------------+---------+-------+--------+-------+-----+

+ Detail: 
    * Instance: 
    +-----------------------+-------------+---------+-------+---+-----+-----+
    |        Instance       |    Module   | BRAM_18K| DSP48E| FF| LUT | URAM|
    +-----------------------+-------------+---------+-------+---+-----+-----+
    |grp_operator_ls_fu_41  |operator_ls  |        0|      0|  5|  105|    0|
    +-----------------------+-------------+---------+-------+---+-----+-----+
    |Total                  |             |        0|      0|  5|  105|    0|
    +-----------------------+-------------+---------+-------+---+-----+-----+

    * DSP48E: 
    +-------------------------+----------------------+--------------+
    |         Instance        |        Module        |  Expression  |
    +-------------------------+----------------------+--------------+
    |fir_filter_const_bkb_U6  |fir_filter_const_bkb  | i0 * i1 + i2 |
    |fir_filter_const_bkb_U7  |fir_filter_const_bkb  | i0 + i1 * i2 |
    +-------------------------+----------------------+--------------+

    * Memory: 
    N/A

    * FIFO: 
    N/A

    * Expression: 
    +-----------------------+----------+-------+---+----+------------+------------+
    |     Variable Name     | Operation| DSP48E| FF| LUT| Bitwidth P0| Bitwidth P1|
    +-----------------------+----------+-------+---+----+------------+------------+
    |mul_ln703_1_fu_63_p2   |     *    |      0|  0|  41|           8|           8|
    |mul_ln703_2_fu_77_p2   |     *    |      0|  0|  41|           8|           8|
    |add_ln703_2_fu_111_p2  |     +    |      0|  0|  25|          18|          18|
    +-----------------------+----------+-------+---+----+------------+------------+
    |Total                  |          |      0|  0| 107|          34|          34|
    +-----------------------+----------+-------+---+----+------------+------------+

    * Multiplexer: 
    +-----------+----+-----------+-----+-----------+
    |    Name   | LUT| Input Size| Bits| Total Bits|
    +-----------+----+-----------+-----+-----------+
    |ap_NS_fsm  |  27|          5|    1|          5|
    +-----------+----+-----------+-----+-----------+
    |Total      |  27|          5|    1|          5|
    +-----------+----+-----------+-----+-----------+

    * Register: 
    +------------------------------------+----+----+-----+-----------+
    |                Name                | FF | LUT| Bits| Const Bits|
    +------------------------------------+----+----+-----+-----------+
    |ap_CS_fsm                           |   4|   0|    4|          0|
    |grp_operator_ls_fu_41_ap_start_reg  |   1|   0|    1|          0|
    |mul_ln703_1_reg_145                 |  15|   0|   16|          1|
    |mul_ln703_2_reg_150                 |  15|   0|   16|          1|
    |regs_regs_V_0                       |   8|   0|    8|          0|
    |regs_regs_V_1                       |   8|   0|    8|          0|
    |regs_regs_V_2                       |   8|   0|    8|          0|
    |regs_regs_V_3                       |   8|   0|    8|          0|
    +------------------------------------+----+----+-----+-----------+
    |Total                               |  67|   0|   69|          2|
    +------------------------------------+----+----+-----+-----------+



================================================================
== Interface
================================================================
* Summary: 
+------------+-----+-----+------------+------------------+--------------+
|  RTL Ports | Dir | Bits|  Protocol  |   Source Object  |    C Type    |
+------------+-----+-----+------------+------------------+--------------+
|ap_clk      |  in |    1| ap_ctrl_hs | fir_filter_const | return value |
|ap_rst      |  in |    1| ap_ctrl_hs | fir_filter_const | return value |
|ap_start    |  in |    1| ap_ctrl_hs | fir_filter_const | return value |
|ap_done     | out |    1| ap_ctrl_hs | fir_filter_const | return value |
|ap_idle     | out |    1| ap_ctrl_hs | fir_filter_const | return value |
|ap_ready    | out |    1| ap_ctrl_hs | fir_filter_const | return value |
|x_V         |  in |    8|   ap_none  |        x_V       |    pointer   |
|y_V         | out |   19|   ap_vld   |        y_V       |    pointer   |
|y_V_ap_vld  | out |    1|   ap_vld   |        y_V       |    pointer   |
+------------+-----+-----+------------+------------------+--------------+

