

================================================================
== Vivado HLS Report for 'fir_filter_even'
================================================================
* Date:           Thu Apr  8 21:12:18 2021

* Version:        2019.2 (Build 2704478 on Wed Nov 06 22:10:23 MST 2019)
* Project:        04
* Solution:       solution1
* Product family: zynq
* Target device:  xc7z020-clg400-1


================================================================
== Performance Estimates
================================================================
+ Timing: 
    * Summary: 
    +--------+----------+----------+------------+
    |  Clock |  Target  | Estimated| Uncertainty|
    +--------+----------+----------+------------+
    |ap_clk  | 10.00 ns | 8.702 ns |   1.25 ns  |
    +--------+----------+----------+------------+

+ Latency: 
    * Summary: 
    +---------+---------+-----------+-----------+-----+-----+---------+
    |  Latency (cycles) |   Latency (absolute)  |  Interval | Pipeline|
    |   min   |   max   |    min    |    max    | min | max |   Type  |
    +---------+---------+-----------+-----------+-----+-----+---------+
    |        8|        8| 80.000 ns | 80.000 ns |    8|    8|   none  |
    +---------+---------+-----------+-----------+-----+-----+---------+

    + Detail: 
        * Instance: 
        +-----------------------+-------------+---------+---------+-----------+-----------+-----+-----+---------+
        |                       |             |  Latency (cycles) |   Latency (absolute)  |  Interval | Pipeline|
        |        Instance       |    Module   |   min   |   max   |    min    |    max    | min | max |   Type  |
        +-----------------------+-------------+---------+---------+-----------+-----------+-----+-----+---------+
        |grp_operator_ls_fu_74  |operator_ls  |        5|        5| 50.000 ns | 50.000 ns |    5|    5|   none  |
        +-----------------------+-------------+---------+---------+-----------+-----------+-----+-----+---------+

        * Loop: 
        N/A



================================================================
== Utilization Estimates
================================================================
* Summary: 
+-----------------+---------+-------+--------+-------+-----+
|       Name      | BRAM_18K| DSP48E|   FF   |  LUT  | URAM|
+-----------------+---------+-------+--------+-------+-----+
|DSP              |        -|      2|       -|      -|    -|
|Expression       |        -|      -|       0|     26|    -|
|FIFO             |        -|      -|       -|      -|    -|
|Instance         |        -|      -|       5|    105|    -|
|Memory           |        -|      -|       -|      -|    -|
|Multiplexer      |        -|      -|       -|     27|    -|
|Register         |        -|      -|      71|      -|    -|
+-----------------+---------+-------+--------+-------+-----+
|Total            |        0|      2|      76|    158|    0|
+-----------------+---------+-------+--------+-------+-----+
|Available        |      280|    220|  106400|  53200|    0|
+-----------------+---------+-------+--------+-------+-----+
|Utilization (%)  |        0|   ~0  |   ~0   |   ~0  |    0|
+-----------------+---------+-------+--------+-------+-----+

+ Detail: 
    * Instance: 
    +-----------------------+-------------+---------+-------+---+-----+-----+
    |        Instance       |    Module   | BRAM_18K| DSP48E| FF| LUT | URAM|
    +-----------------------+-------------+---------+-------+---+-----+-----+
    |grp_operator_ls_fu_74  |operator_ls  |        0|      0|  5|  105|    0|
    +-----------------------+-------------+---------+-------+---+-----+-----+
    |Total                  |             |        0|      0|  5|  105|    0|
    +-----------------------+-------------+---------+-------+---+-----+-----+

    * DSP48E: 
    +-------------------------+----------------------+----------------+
    |         Instance        |        Module        |   Expression   |
    +-------------------------+----------------------+----------------+
    |fir_filter_even_abkb_U6  |fir_filter_even_abkb  | i0 * (i1 + i2) |
    |fir_filter_even_abkb_U7  |fir_filter_even_abkb  | i0 * (i1 + i2) |
    +-------------------------+----------------------+----------------+

    * Memory: 
    N/A

    * FIFO: 
    N/A

    * Expression: 
    +--------------+----------+-------+---+----+------------+------------+
    | Variable Name| Operation| DSP48E| FF| LUT| Bitwidth P0| Bitwidth P1|
    +--------------+----------+-------+---+----+------------+------------+
    |y_V           |     +    |      0|  0|  26|          19|          19|
    +--------------+----------+-------+---+----+------------+------------+
    |Total         |          |      0|  0|  26|          19|          19|
    +--------------+----------+-------+---+----+------------+------------+

    * Multiplexer: 
    +-----------+----+-----------+-----+-----------+
    |    Name   | LUT| Input Size| Bits| Total Bits|
    +-----------+----+-----------+-----+-----------+
    |ap_NS_fsm  |  27|          5|    1|          5|
    +-----------+----+-----------+-----+-----------+
    |Total      |  27|          5|    1|          5|
    +-----------+----+-----------+-----+-----------+

    * Register: 
    +------------------------------------+----+----+-----+-----------+
    |                Name                | FF | LUT| Bits| Const Bits|
    +------------------------------------+----+----+-----+-----------+
    |ap_CS_fsm                           |   4|   0|    4|          0|
    |grp_operator_ls_fu_74_ap_start_reg  |   1|   0|    1|          0|
    |mul_ln1118_1_reg_193                |  17|   0|   17|          0|
    |mul_ln1118_reg_188                  |  17|   0|   17|          0|
    |regs_regs_V_0                       |   8|   0|    8|          0|
    |regs_regs_V_1                       |   8|   0|    8|          0|
    |regs_regs_V_2                       |   8|   0|    8|          0|
    |regs_regs_V_3                       |   8|   0|    8|          0|
    +------------------------------------+----+----+-----+-----------+
    |Total                               |  71|   0|   71|          0|
    +------------------------------------+----+----+-----+-----------+



================================================================
== Interface
================================================================
* Summary: 
+--------------+-----+-----+------------+-----------------+--------------+
|   RTL Ports  | Dir | Bits|  Protocol  |  Source Object  |    C Type    |
+--------------+-----+-----+------------+-----------------+--------------+
|ap_clk        |  in |    1| ap_ctrl_hs | fir_filter_even | return value |
|ap_rst        |  in |    1| ap_ctrl_hs | fir_filter_even | return value |
|ap_start      |  in |    1| ap_ctrl_hs | fir_filter_even | return value |
|ap_done       | out |    1| ap_ctrl_hs | fir_filter_even | return value |
|ap_idle       | out |    1| ap_ctrl_hs | fir_filter_even | return value |
|ap_ready      | out |    1| ap_ctrl_hs | fir_filter_even | return value |
|x_V           |  in |    8|   ap_none  |       x_V       |    pointer   |
|h_V_address0  | out |    1|  ap_memory |       h_V       |     array    |
|h_V_ce0       | out |    1|  ap_memory |       h_V       |     array    |
|h_V_q0        |  in |    8|  ap_memory |       h_V       |     array    |
|h_V_address1  | out |    1|  ap_memory |       h_V       |     array    |
|h_V_ce1       | out |    1|  ap_memory |       h_V       |     array    |
|h_V_q1        |  in |    8|  ap_memory |       h_V       |     array    |
|y_V           | out |   19|   ap_vld   |       y_V       |    pointer   |
|y_V_ap_vld    | out |    1|   ap_vld   |       y_V       |    pointer   |
+--------------+-----+-----+------------+-----------------+--------------+

